<?xml version="1.0" encoding="UTF-8"?>
<!-- Generated by org.testng.reporters.JUnitReportReporter -->
<testsuite hostname="DESKTOP-9RGDTI2" failures="0" tests="1" name="com.syntax.runners.TestRunner" time="164.379" errors="0" timestamp="25 Jan 2022 19:31:08 GMT" skipped="0">
  <testcase classname="com.syntax.runners.TestRunner" name="feature" time="164.379"/>
</testsuite> <!-- com.syntax.runners.TestRunner -->
